[04/Mar/2025 11:31:42 Europe/Dublin] [Info] ############################################################
[04/Mar/2025 11:31:42 Europe/Dublin] [Info] # Output Factory initiated (html)
[04/Mar/2025 11:31:42 Europe/Dublin] [Info] # Building output for: Configure the Watch with the Jira Configuration Profile
[04/Mar/2025 11:31:42 Europe/Dublin] [Info] # URL /document/edit/642358
[04/Mar/2025 11:31:42 Europe/Dublin] [Info] # User: Lina Daher
[04/Mar/2025 11:31:42 Europe/Dublin] [Info] # Time: Tue, 04 Mar 2025 11:31:42 +0000
[04/Mar/2025 11:31:42 Europe/Dublin] [Info] # Server: ip-172-31-2-22.eu-west-1.compute.internal
[04/Mar/2025 11:31:42 Europe/Dublin] [Info] ############################################################
[04/Mar/2025 11:31:42 Europe/Dublin] [Info] Group: system
[04/Mar/2025 11:31:42 Europe/Dublin] [Info] Type: html
[04/Mar/2025 11:31:42 Europe/Dublin] [Info] Transformation: $apppath/lib/docbook/xsl/html/html.xsl
[04/Mar/2025 11:31:42 Europe/Dublin] [Info] File found: $apppath/lib/docbook/xsl/html/html.xsl
[04/Mar/2025 11:31:42 Europe/Dublin] [Info] ############################################################
[04/Mar/2025 11:31:42 Europe/Dublin] [Info] Building output for: html
[04/Mar/2025 11:31:42 Europe/Dublin] [Info] Using stylesheet: $apppath/lib/docbook/xsl/html/html.xsl
[04/Mar/2025 11:31:42 Europe/Dublin] [Info] Parameters for this build: []
[04/Mar/2025 11:31:42 Europe/Dublin] [Info] Environment variables for this build: []
[04/Mar/2025 11:31:42 Europe/Dublin] [Info] Building output for languages: ["en"]
[04/Mar/2025 11:31:42 Europe/Dublin] [Info] Building multilang: no
[04/Mar/2025 11:31:42 Europe/Dublin] [Info] Building preview: no
[04/Mar/2025 11:31:42 Europe/Dublin] [Info] ############################################################
[04/Mar/2025 11:31:42 Europe/Dublin] [Info] Using build directory: $local_tmp/production-67c6e49ce97155.50746223/642358-Configure_the_Watch_with_the_Jira_Configuration_Profile-html
[04/Mar/2025 11:31:43 Europe/Dublin] [Info] -- Generating source files
[04/Mar/2025 11:31:43 Europe/Dublin] [Info] -- Propagating taxonomies: false
[04/Mar/2025 11:31:43 Europe/Dublin] [Info] -- Source files have been generated
[04/Mar/2025 11:31:43 Europe/Dublin] [Info] -- Publication has no unresolved dependencies.
[04/Mar/2025 11:31:43 Europe/Dublin] [Info] Parsing processing instructions
[04/Mar/2025 11:31:43 Europe/Dublin] [Info] -- Generating source files complete.
[04/Mar/2025 11:31:44 Europe/Dublin] [Info] Localizing: component-642358.xml
[04/Mar/2025 11:31:44 Europe/Dublin] [Info] Language: en
[04/Mar/2025 11:31:44 Europe/Dublin] [Info] Variable sets found: 0
[04/Mar/2025 11:31:46 Europe/Dublin] [Info] Inserting image links.
[04/Mar/2025 11:31:46 Europe/Dublin] [Info] Found 1 image(s).
[04/Mar/2025 11:31:46 Europe/Dublin] [Info] Found image 'Configure_Xray_Jira_Integration.png'
[04/Mar/2025 11:31:47 Europe/Dublin] [Info] Profiling parameters: []
[04/Mar/2025 11:31:47 Europe/Dublin] [Info] Profiling customisation: $user_dir/xsl/profile.xsl (not found)
[04/Mar/2025 11:31:47 Europe/Dublin] [Info] Transformation: component-642358--en.org.xml -> component-642358--en.xml [profile.xsl]
[04/Mar/2025 11:31:47 Europe/Dublin] [Info] Transformation: component-642358--en.xml -> component-642358--en.xml [internal-xref.xsl]
[04/Mar/2025 11:31:47 Europe/Dublin] [Info] Transformation: A-filelist.xml -> B-sorted.xml [IO.document.sortlang.xsl]
[04/Mar/2025 11:31:47 Europe/Dublin] [Info] Transformation: B-sorted.xml -> C-concatenated.xml [IO.document.concat.xsl]
[04/Mar/2025 11:31:47 Europe/Dublin] [Info] Transformation: B-sorted.xml -> index-en.xml [IO.document.head.xsl]
[04/Mar/2025 11:31:48 Europe/Dublin] [Info] Image copied: en/image/uuid-3fab3d3d-2664-7bb1-38a1-3b1a9d6fb28f.png
[04-Mar-2025 11:31:48 Europe/Dublin] Parsing manifest file: css/*, css/image/*, css/image/callouts/*, js/*, fonts/*
[04-Mar-2025 11:31:48 Europe/Dublin] Parsing manifest file: css/*, css/image/*, css/image/callouts/*, js/*, fonts/*
[04/Mar/2025 11:31:49 Europe/Dublin] [Info] # Took 7.387330 seconds to render.
