[04/Mar/2025 11:31:29 Europe/Dublin] [Info] ############################################################
[04/Mar/2025 11:31:29 Europe/Dublin] [Info] # Output Factory initiated (html)
[04/Mar/2025 11:31:29 Europe/Dublin] [Info] # Building output for: Configure the Jira Policy Rules
[04/Mar/2025 11:31:29 Europe/Dublin] [Info] # URL /document/edit/642357
[04/Mar/2025 11:31:29 Europe/Dublin] [Info] # User: Lina Daher
[04/Mar/2025 11:31:29 Europe/Dublin] [Info] # Time: Tue, 04 Mar 2025 11:31:29 +0000
[04/Mar/2025 11:31:29 Europe/Dublin] [Info] # Server: ip-172-31-18-146.eu-west-1.compute.internal
[04/Mar/2025 11:31:29 Europe/Dublin] [Info] ############################################################
[04/Mar/2025 11:31:29 Europe/Dublin] [Info] Group: system
[04/Mar/2025 11:31:29 Europe/Dublin] [Info] Type: html
[04/Mar/2025 11:31:29 Europe/Dublin] [Info] Transformation: $apppath/lib/docbook/xsl/html/html.xsl
[04/Mar/2025 11:31:29 Europe/Dublin] [Info] File found: $apppath/lib/docbook/xsl/html/html.xsl
[04/Mar/2025 11:31:29 Europe/Dublin] [Info] ############################################################
[04/Mar/2025 11:31:29 Europe/Dublin] [Info] Building output for: html
[04/Mar/2025 11:31:29 Europe/Dublin] [Info] Using stylesheet: $apppath/lib/docbook/xsl/html/html.xsl
[04/Mar/2025 11:31:29 Europe/Dublin] [Info] Parameters for this build: []
[04/Mar/2025 11:31:29 Europe/Dublin] [Info] Environment variables for this build: []
[04/Mar/2025 11:31:29 Europe/Dublin] [Info] Building output for languages: ["en"]
[04/Mar/2025 11:31:29 Europe/Dublin] [Info] Building multilang: no
[04/Mar/2025 11:31:29 Europe/Dublin] [Info] Building preview: no
[04/Mar/2025 11:31:29 Europe/Dublin] [Info] ############################################################
[04/Mar/2025 11:31:29 Europe/Dublin] [Info] Using build directory: $local_tmp/production-67c6e48fd4aea4.18175533/642357-Configure_the_Jira_Policy_Rules-html
[04/Mar/2025 11:31:30 Europe/Dublin] [Info] -- Generating source files
[04/Mar/2025 11:31:30 Europe/Dublin] [Info] -- Propagating taxonomies: false
[04/Mar/2025 11:31:30 Europe/Dublin] [Info] -- Source files have been generated
[04/Mar/2025 11:31:30 Europe/Dublin] [Info] -- Publication has no unresolved dependencies.
[04/Mar/2025 11:31:30 Europe/Dublin] [Info] Parsing processing instructions
[04/Mar/2025 11:31:30 Europe/Dublin] [Info] -- Generating source files complete.
[04/Mar/2025 11:31:31 Europe/Dublin] [Info] Localizing: component-642357.xml
[04/Mar/2025 11:31:31 Europe/Dublin] [Info] Language: en
[04/Mar/2025 11:31:31 Europe/Dublin] [Info] Variable sets found: 0
[04/Mar/2025 11:31:33 Europe/Dublin] [Info] Inserting image links.
[04/Mar/2025 11:31:33 Europe/Dublin] [Info] Found 1 image(s).
[04/Mar/2025 11:31:33 Europe/Dublin] [Info] Found image '136872813.png'
[04/Mar/2025 11:31:34 Europe/Dublin] [Info] Profiling parameters: []
[04/Mar/2025 11:31:34 Europe/Dublin] [Info] Profiling customisation: $user_dir/xsl/profile.xsl (not found)
[04/Mar/2025 11:31:34 Europe/Dublin] [Info] Transformation: component-642357--en.org.xml -> component-642357--en.xml [profile.xsl]
[04/Mar/2025 11:31:34 Europe/Dublin] [Info] Transformation: component-642357--en.xml -> component-642357--en.xml [internal-xref.xsl]
[04/Mar/2025 11:31:34 Europe/Dublin] [Info] Transformation: A-filelist.xml -> B-sorted.xml [IO.document.sortlang.xsl]
[04/Mar/2025 11:31:34 Europe/Dublin] [Info] Transformation: B-sorted.xml -> C-concatenated.xml [IO.document.concat.xsl]
[04/Mar/2025 11:31:34 Europe/Dublin] [Info] Transformation: B-sorted.xml -> index-en.xml [IO.document.head.xsl]
[04/Mar/2025 11:31:35 Europe/Dublin] [Info] Image copied: en/image/uuid-663cf79b-6c63-63b0-8370-49b4bd6d2af5.png
[04-Mar-2025 11:31:35 Europe/Dublin] Parsing manifest file: css/*, css/image/*, css/image/callouts/*, js/*, fonts/*
[04-Mar-2025 11:31:35 Europe/Dublin] Parsing manifest file: css/*, css/image/*, css/image/callouts/*, js/*, fonts/*
[04/Mar/2025 11:31:36 Europe/Dublin] [Info] # Took 7.158256 seconds to render.
