[04/Mar/2025 11:31:16 Europe/Dublin] [Info] ############################################################
[04/Mar/2025 11:31:16 Europe/Dublin] [Info] # Output Factory initiated (html)
[04/Mar/2025 11:31:16 Europe/Dublin] [Info] # Building output for: Create a Jira Configuration Profile
[04/Mar/2025 11:31:16 Europe/Dublin] [Info] # URL /document/edit/642388
[04/Mar/2025 11:31:16 Europe/Dublin] [Info] # User: Lina Daher
[04/Mar/2025 11:31:16 Europe/Dublin] [Info] # Time: Tue, 04 Mar 2025 11:31:16 +0000
[04/Mar/2025 11:31:16 Europe/Dublin] [Info] # Server: ip-172-31-1-12.eu-west-1.compute.internal
[04/Mar/2025 11:31:16 Europe/Dublin] [Info] ############################################################
[04/Mar/2025 11:31:16 Europe/Dublin] [Info] Group: system
[04/Mar/2025 11:31:16 Europe/Dublin] [Info] Type: html
[04/Mar/2025 11:31:16 Europe/Dublin] [Info] Transformation: $apppath/lib/docbook/xsl/html/html.xsl
[04/Mar/2025 11:31:16 Europe/Dublin] [Info] File found: $apppath/lib/docbook/xsl/html/html.xsl
[04/Mar/2025 11:31:16 Europe/Dublin] [Info] ############################################################
[04/Mar/2025 11:31:16 Europe/Dublin] [Info] Building output for: html
[04/Mar/2025 11:31:16 Europe/Dublin] [Info] Using stylesheet: $apppath/lib/docbook/xsl/html/html.xsl
[04/Mar/2025 11:31:16 Europe/Dublin] [Info] Parameters for this build: []
[04/Mar/2025 11:31:16 Europe/Dublin] [Info] Environment variables for this build: []
[04/Mar/2025 11:31:16 Europe/Dublin] [Info] Building output for languages: ["en"]
[04/Mar/2025 11:31:16 Europe/Dublin] [Info] Building multilang: no
[04/Mar/2025 11:31:16 Europe/Dublin] [Info] Building preview: no
[04/Mar/2025 11:31:16 Europe/Dublin] [Info] ############################################################
[04/Mar/2025 11:31:16 Europe/Dublin] [Info] Using build directory: $local_tmp/production-67c6e482e9e402.14431243/642388-Create_a_Jira_Configuration_Profile-html
[04/Mar/2025 11:31:17 Europe/Dublin] [Info] -- Generating source files
[04/Mar/2025 11:31:17 Europe/Dublin] [Info] -- Propagating taxonomies: false
[04/Mar/2025 11:31:17 Europe/Dublin] [Info] -- Source files have been generated
[04/Mar/2025 11:31:17 Europe/Dublin] [Info] -- Publication has no unresolved dependencies.
[04/Mar/2025 11:31:17 Europe/Dublin] [Info] Parsing processing instructions
[04/Mar/2025 11:31:17 Europe/Dublin] [Info] -- Generating source files complete.
[04/Mar/2025 11:31:18 Europe/Dublin] [Info] Localizing: component-642388.xml
[04/Mar/2025 11:31:18 Europe/Dublin] [Info] Language: en
[04/Mar/2025 11:31:18 Europe/Dublin] [Info] Variable sets found: 0
[04/Mar/2025 11:31:20 Europe/Dublin] [Info] Inserting image links.
[04/Mar/2025 11:31:20 Europe/Dublin] [Info] Found 9 image(s).
[04/Mar/2025 11:31:20 Europe/Dublin] [Info] Found image 'image-20240307-075322.png'
[04/Mar/2025 11:31:20 Europe/Dublin] [Info] Found image 'jira_security.png'
[04/Mar/2025 11:31:20 Europe/Dublin] [Info] Found image 'jira_custom.png'
[04/Mar/2025 11:31:20 Europe/Dublin] [Info] Found image 'jira_mandatory.png'
[04/Mar/2025 11:31:20 Europe/Dublin] [Info] Found image 'jira_severity.png'
[04/Mar/2025 11:31:20 Europe/Dublin] [Info] Found image 'jira_dynamicvalue.png'
[04/Mar/2025 11:31:20 Europe/Dublin] [Info] Found image 'jira_customfield.png'
[04/Mar/2025 11:31:20 Europe/Dublin] [Info] Found image 'jira_labels.png'
[04/Mar/2025 11:31:20 Europe/Dublin] [Info] Found image 'jira_validation.png'
[04/Mar/2025 11:31:21 Europe/Dublin] [Info] Profiling parameters: []
[04/Mar/2025 11:31:21 Europe/Dublin] [Info] Profiling customisation: $user_dir/xsl/profile.xsl (not found)
[04/Mar/2025 11:31:21 Europe/Dublin] [Info] Transformation: component-642388--en.org.xml -> component-642388--en.xml [profile.xsl]
[04/Mar/2025 11:31:21 Europe/Dublin] [Info] Transformation: component-642388--en.xml -> component-642388--en.xml [internal-xref.xsl]
[04/Mar/2025 11:31:21 Europe/Dublin] [Info] Transformation: A-filelist.xml -> B-sorted.xml [IO.document.sortlang.xsl]
[04/Mar/2025 11:31:21 Europe/Dublin] [Info] Transformation: B-sorted.xml -> C-concatenated.xml [IO.document.concat.xsl]
[04/Mar/2025 11:31:21 Europe/Dublin] [Info] Transformation: B-sorted.xml -> index-en.xml [IO.document.head.xsl]
[04/Mar/2025 11:31:22 Europe/Dublin] [Info] Image copied: en/image/uuid-f0ca060d-3739-68c9-ac5d-2efa798e8945.png
[04/Mar/2025 11:31:22 Europe/Dublin] [Info] Image copied: en/image/uuid-1287764c-ef6c-b9a4-dc18-c34c8ae5296b.png
[04/Mar/2025 11:31:22 Europe/Dublin] [Info] Image copied: en/image/uuid-71fb4f27-af42-6677-5925-e076d02cee25.png
[04/Mar/2025 11:31:22 Europe/Dublin] [Info] Image copied: en/image/uuid-03dbd615-2e08-4f35-d96b-38232fbdb3d1.png
[04/Mar/2025 11:31:22 Europe/Dublin] [Info] Image copied: en/image/uuid-8f8821b8-c1d8-3777-5236-c4e4200ea3eb.png
[04/Mar/2025 11:31:22 Europe/Dublin] [Info] Image copied: en/image/uuid-6f83c4a5-5f4e-f5a8-3acc-ab9c36b30191.png
[04/Mar/2025 11:31:22 Europe/Dublin] [Info] Image copied: en/image/uuid-9c18a48d-7f88-6102-d997-3dee0b9758f2.png
[04/Mar/2025 11:31:22 Europe/Dublin] [Info] Image copied: en/image/uuid-a0c54987-2d9f-d820-b558-cf9302498035.png
[04/Mar/2025 11:31:22 Europe/Dublin] [Info] Image copied: en/image/uuid-60d2769a-9510-eaf6-061c-98f41c7073e6.png
[04-Mar-2025 11:31:22 Europe/Dublin] Parsing manifest file: css/*, css/image/*, css/image/callouts/*, js/*, fonts/*
[04-Mar-2025 11:31:22 Europe/Dublin] Parsing manifest file: css/*, css/image/*, css/image/callouts/*, js/*, fonts/*
[04/Mar/2025 11:31:23 Europe/Dublin] [Info] # Took 7.267697 seconds to render.
